<?xml version="1.0" encoding="UTF-8"?><testsuite failures="0" name="cucumber.runtime.formatter.JUnitFormatter" skipped="0" tests="1" time="56.88771">
<testcase classname="As a user of Google Keep app, I want to login to the application" name="" time="56.88771">
<system-out><![CDATA[Given I navigate to the Landing page........................................passed
When I enter my "username" and "password"...................................passed
And I click on the login button.............................................passed
Then I should login successfully............................................passed
]]></system-out>
</testcase>
</testsuite>
